2000.11.09 08:17 B C:\etext\sp\pubtext\html-1.dtd --> etext.lib.virginia.edu /lv18/holding/etext/sp/pubtext html-1.dtd
2000.11.09 08:17 B C:\etext\sp\pubtext\html-1s.dtd --> etext.lib.virginia.edu /lv18/holding/etext/sp/pubtext html-1s.dtd
2000.11.09 08:17 B C:\etext\sp\pubtext\html-s.dtd --> etext.lib.virginia.edu /lv18/holding/etext/sp/pubtext html-s.dtd
2000.11.09 08:17 B C:\etext\sp\pubtext\html.dcl --> etext.lib.virginia.edu /lv18/holding/etext/sp/pubtext html.dcl
2000.11.09 08:17 B C:\etext\sp\pubtext\html.dtd --> etext.lib.virginia.edu /lv18/holding/etext/sp/pubtext html.dtd
2000.11.09 08:17 B C:\etext\sp\pubtext\html.soc --> etext.lib.virginia.edu /lv18/holding/etext/sp/pubtext html.soc
2000.11.09 08:17 B C:\etext\sp\pubtext\html32.dcl --> etext.lib.virginia.edu /lv18/holding/etext/sp/pubtext html32.dcl
2000.11.09 08:17 B C:\etext\sp\pubtext\html32.dtd --> etext.lib.virginia.edu /lv18/holding/etext/sp/pubtext html32.dtd
2000.11.09 08:17 B C:\etext\sp\pubtext\html32.soc --> etext.lib.virginia.edu /lv18/holding/etext/sp/pubtext html32.soc
2000.11.09 08:17 B C:\etext\sp\pubtext\html4-f.dtd --> etext.lib.virginia.edu /lv18/holding/etext/sp/pubtext html4-f.dtd
2000.11.09 08:17 B C:\etext\sp\pubtext\html4-s.dtd --> etext.lib.virginia.edu /lv18/holding/etext/sp/pubtext html4-s.dtd
2000.11.09 08:17 B C:\etext\sp\pubtext\html4.dcl --> etext.lib.virginia.edu /lv18/holding/etext/sp/pubtext html4.dcl
2000.11.09 08:17 B C:\etext\sp\pubtext\html4.dtd --> etext.lib.virginia.edu /lv18/holding/etext/sp/pubtext html4.dtd
2000.11.09 08:17 B C:\etext\sp\pubtext\html4.soc --> etext.lib.virginia.edu /lv18/holding/etext/sp/pubtext html4.soc
2000.11.09 08:17 B C:\etext\sp\pubtext\htmllat1.ent --> etext.lib.virginia.edu /lv18/holding/etext/sp/pubtext htmllat1.ent
2000.11.09 08:17 B C:\etext\sp\pubtext\htmlspec.ent --> etext.lib.virginia.edu /lv18/holding/etext/sp/pubtext htmlspec.ent
2000.11.09 08:17 B C:\etext\sp\pubtext\htmlsym.ent --> etext.lib.virginia.edu /lv18/holding/etext/sp/pubtext htmlsym.ent
2000.11.09 08:17 B C:\etext\sp\pubtext\isolat1.ent --> etext.lib.virginia.edu /lv18/holding/etext/sp/pubtext isolat1.ent
2000.11.09 08:17 B C:\etext\sp\pubtext\isolat1.sgm --> etext.lib.virginia.edu /lv18/holding/etext/sp/pubtext isolat1.sgm
2000.11.09 08:18 B C:\etext\sp\pubtext\xml.dcl --> etext.lib.virginia.edu /lv18/holding/etext/sp/pubtext xml.dcl
2000.11.09 08:18 B C:\etext\sp\pubtext\xml.soc --> etext.lib.virginia.edu /lv18/holding/etext/sp/pubtext xml.soc
2001.01.17 08:56 B C:\etext\sp\pubtext\html-1.dtd --> etext.lib.virginia.edu /lv18/holding/etext/new/etext/sp/pubtext html-1.dtd
2001.01.17 08:56 B C:\etext\sp\pubtext\html-1s.dtd --> etext.lib.virginia.edu /lv18/holding/etext/new/etext/sp/pubtext html-1s.dtd
2001.01.17 08:56 B C:\etext\sp\pubtext\html-s.dtd --> etext.lib.virginia.edu /lv18/holding/etext/new/etext/sp/pubtext html-s.dtd
2001.01.17 08:56 B C:\etext\sp\pubtext\html.dcl --> etext.lib.virginia.edu /lv18/holding/etext/new/etext/sp/pubtext html.dcl
2001.01.17 08:57 B C:\etext\sp\pubtext\html.dtd --> etext.lib.virginia.edu /lv18/holding/etext/new/etext/sp/pubtext html.dtd
2001.01.17 08:57 B C:\etext\sp\pubtext\html.soc --> etext.lib.virginia.edu /lv18/holding/etext/new/etext/sp/pubtext html.soc
2001.01.17 08:57 B C:\etext\sp\pubtext\html32.dcl --> etext.lib.virginia.edu /lv18/holding/etext/new/etext/sp/pubtext html32.dcl
2001.01.17 08:57 B C:\etext\sp\pubtext\html32.dtd --> etext.lib.virginia.edu /lv18/holding/etext/new/etext/sp/pubtext html32.dtd
2001.01.17 08:57 B C:\etext\sp\pubtext\html32.soc --> etext.lib.virginia.edu /lv18/holding/etext/new/etext/sp/pubtext html32.soc
2001.01.17 08:57 B C:\etext\sp\pubtext\html4-f.dtd --> etext.lib.virginia.edu /lv18/holding/etext/new/etext/sp/pubtext html4-f.dtd
2001.01.17 08:57 B C:\etext\sp\pubtext\html4-s.dtd --> etext.lib.virginia.edu /lv18/holding/etext/new/etext/sp/pubtext html4-s.dtd
2001.01.17 08:57 B C:\etext\sp\pubtext\html4.dcl --> etext.lib.virginia.edu /lv18/holding/etext/new/etext/sp/pubtext html4.dcl
2001.01.17 08:57 B C:\etext\sp\pubtext\html4.dtd --> etext.lib.virginia.edu /lv18/holding/etext/new/etext/sp/pubtext html4.dtd
2001.01.17 08:57 B C:\etext\sp\pubtext\html4.soc --> etext.lib.virginia.edu /lv18/holding/etext/new/etext/sp/pubtext html4.soc
2001.01.17 08:57 B C:\etext\sp\pubtext\htmllat1.ent --> etext.lib.virginia.edu /lv18/holding/etext/new/etext/sp/pubtext htmllat1.ent
2001.01.17 08:57 B C:\etext\sp\pubtext\htmlspec.ent --> etext.lib.virginia.edu /lv18/holding/etext/new/etext/sp/pubtext htmlspec.ent
2001.01.17 08:57 B C:\etext\sp\pubtext\htmlsym.ent --> etext.lib.virginia.edu /lv18/holding/etext/new/etext/sp/pubtext htmlsym.ent
2001.01.17 08:57 B C:\etext\sp\pubtext\isolat1.ent --> etext.lib.virginia.edu /lv18/holding/etext/new/etext/sp/pubtext isolat1.ent
2001.01.17 08:57 B C:\etext\sp\pubtext\isolat1.sgm --> etext.lib.virginia.edu /lv18/holding/etext/new/etext/sp/pubtext isolat1.sgm
2001.01.25 11:10 B C:\etext\sp\pubtext\WS_FTP.LOG <-- Carter /home/eb2c/etext/sp/pubtext WS_FTP.LOG
2001.01.25 11:10 B C:\etext\sp\pubtext\xml.dcl <-- Carter /home/eb2c/etext/sp/pubtext xml.dcl
2001.01.25 11:10 B C:\etext\sp\pubtext\xml.soc <-- Carter /home/eb2c/etext/sp/pubtext xml.soc
